<?xml version="1.0" encoding="UTF-8"?>
<testsuite xmlns:xsi="http://www.w3.org/2001/XMLSchema-instance" xsi:noNamespaceSchemaLocation="https://maven.apache.org/surefire/maven-surefire-plugin/xsd/surefire-test-report-3.0.xsd" version="3.0" name="com.example.junit.services.MessageServiceTest" time="0.038" tests="3" errors="0" skipped="0" failures="0">
  <properties>
[...]
</properties>
  <testcase name="shouldFailWhenMessageIsNull" classname="com.example.junit.services.MessageServiceTest" time="0.022"/>
  <testcase name="shouldSucceedOnreturningHelloJunit" classname="com.example.junit.services.MessageServiceTest" time="0"/>
  <testcase name="shouldSucceedWhenMessageContentHasLessThan3Chars" classname="com.example.junit.services.MessageServiceTest" time="0.016"/>
</testsuite>